10:28:19.162 [main] INFO  testCases.TC001_AcctRegTest - Clicking on My Account....
10:28:19.860 [main] INFO  testCases.TC001_AcctRegTest - Clicking on Registration....
10:28:21.339 [main] INFO  testCases.TC001_AcctRegTest - Entering Customer details.............
10:28:24.210 [main] INFO  testCases.TC001_AcctRegTest - Verifying Expected result for account creation
10:28:24.261 [main] ERROR testCases.TC001_AcctRegTest - Test Failed..........
10:40:42.430 [main] INFO  org.testng.internal.Utils - [TestNG] Running:
  /Users/nikidhimmar/eclipse-workspace/OpencartV11/Grouping.xml

10:40:52.068 [main] INFO  testCases.TC001_AcctRegTest - ***** Starting TC001_AcctRegTest *****
10:40:52.110 [main] INFO  testCases.TC001_AcctRegTest - Clicking on My Account....
10:40:52.745 [main] INFO  testCases.TC001_AcctRegTest - Clicking on Registration....
10:40:54.126 [main] INFO  testCases.TC001_AcctRegTest - Entering Customer details.............
10:40:57.164 [main] INFO  testCases.TC001_AcctRegTest - Verifying Expected result for account creation
10:40:57.217 [main] ERROR testCases.TC001_AcctRegTest - Test Failed..........
10:41:05.801 [main] INFO  testCases.TC002_LoginTest - ***** Starting TC002_LoginTest *****
10:41:05.802 [main] INFO  testCases.TC002_LoginTest - Clicking on My Account....
10:41:06.552 [main] INFO  testCases.TC002_LoginTest - Clicking on Login....
10:41:07.202 [main] INFO  testCases.TC002_LoginTest - Enter Login Details....
10:41:09.119 [main] INFO  testCases.TC002_LoginTest - Verify expected Login successful....
10:41:09.174 [main] INFO  testCases.TC002_LoginTest - ***** Finished TC002_LoginTest *****
10:45:07.288 [main] INFO  org.testng.internal.Utils - [TestNG] Running:
  /Users/nikidhimmar/eclipse-workspace/OpencartV11/Grouping.xml

10:45:17.194 [main] INFO  testCases.TC001_AcctRegTest - ***** Starting TC001_AcctRegTest *****
10:45:17.233 [main] INFO  testCases.TC001_AcctRegTest - Clicking on My Account....
10:45:17.967 [main] INFO  testCases.TC001_AcctRegTest - Clicking on Registration....
10:45:19.371 [main] INFO  testCases.TC001_AcctRegTest - Entering Customer details.............
10:45:21.538 [main] INFO  testCases.TC001_AcctRegTest - Verifying Expected result for account creation
10:45:21.606 [main] ERROR testCases.TC001_AcctRegTest - Test Failed..........
10:45:30.117 [main] INFO  testCases.TC002_LoginTest - ***** Starting TC002_LoginTest *****
10:45:30.118 [main] INFO  testCases.TC002_LoginTest - Clicking on My Account....
10:45:30.891 [main] INFO  testCases.TC002_LoginTest - Clicking on Login....
10:45:31.583 [main] INFO  testCases.TC002_LoginTest - Enter Login Details....
10:45:33.278 [main] INFO  testCases.TC002_LoginTest - Verify expected Login successful....
10:45:33.328 [main] INFO  testCases.TC002_LoginTest - ***** Finished TC002_LoginTest *****
13:25:35.112 [main] INFO  org.testng.internal.Utils - [TestNG] Running:
  /Users/nikidhimmar/eclipse-workspace/OpencartV11/test-output/testng-failed.xml

13:26:07.259 [main] INFO  testCases.TC001_AcctRegTest - ***** Starting TC001_AcctRegTest *****
13:26:07.298 [main] INFO  testCases.TC001_AcctRegTest - Clicking on My Account....
13:26:07.945 [main] INFO  testCases.TC001_AcctRegTest - Clicking on Registration....
13:26:09.627 [main] INFO  testCases.TC001_AcctRegTest - Entering Customer details.............
13:26:11.969 [main] INFO  testCases.TC001_AcctRegTest - Verifying Expected result for account creation
13:26:12.017 [main] INFO  testCases.TC001_AcctRegTest - ***** Finished TC001_AcctRegTest ******
14:30:57.858 [main] INFO  org.testng.internal.Utils - [TestNG] Running:
  /Users/nikidhimmar/eclipse-workspace/OpencartV11/master.xml

14:31:07.126 [main] INFO  testCases.TC001_AcctRegTest - ***** Starting TC001_AcctRegTest *****
14:31:07.168 [main] INFO  testCases.TC001_AcctRegTest - Clicking on My Account....
14:31:07.796 [main] INFO  testCases.TC001_AcctRegTest - Clicking on Registration....
14:31:09.226 [main] INFO  testCases.TC001_AcctRegTest - Entering Customer details.............
14:31:11.608 [main] INFO  testCases.TC001_AcctRegTest - Verifying Expected result for account creation
14:31:11.683 [main] INFO  testCases.TC001_AcctRegTest - ***** Finished TC001_AcctRegTest ******
14:32:10.506 [main] INFO  org.testng.internal.Utils - [TestNG] Running:
  /Users/nikidhimmar/eclipse-workspace/OpencartV11/master.xml

14:33:44.738 [main] INFO  org.testng.internal.Utils - [TestNG] Running:
  /Users/nikidhimmar/eclipse-workspace/OpencartV11/master.xml

14:34:36.669 [main] INFO  org.testng.internal.Utils - [TestNG] Running:
  /Users/nikidhimmar/eclipse-workspace/OpencartV11/master.xml

14:39:32.131 [main] INFO  org.testng.internal.Utils - [TestNG] Running:
  /Users/nikidhimmar/eclipse-workspace/OpencartV11/master.xml

14:45:29.101 [main] INFO  org.testng.internal.Utils - [TestNG] Running:
  /Users/nikidhimmar/eclipse-workspace/OpencartV11/master.xml

14:45:38.975 [main] INFO  testCases.TC001_AcctRegTest - ***** Starting TC001_AcctRegTest *****
14:45:39.018 [main] INFO  testCases.TC001_AcctRegTest - Clicking on My Account....
