10:15:49.362 [main] ERROR testCases.TC001_AcctRegTest - Test Failed..........
10:16:18.353 [main] INFO  org.testng.internal.Utils - [TestNG] Running:
  /Users/nikidhimmar/eclipse-workspace/OpencartV11/master.xml

10:16:27.568 [main] INFO  testCases.TC001_AcctRegTest - ***** Starting TC001_AcctRegTest *****
10:16:27.611 [main] INFO  testCases.TC001_AcctRegTest - Clicking on My Account....
10:16:28.128 [main] INFO  testCases.TC001_AcctRegTest - Clicking on Registration....
10:16:29.659 [main] INFO  testCases.TC001_AcctRegTest - Entering Customer details.............
10:16:31.981 [main] INFO  testCases.TC001_AcctRegTest - Verifying Expected result for account creation
10:16:32.032 [main] ERROR testCases.TC001_AcctRegTest - Test Failed..........
10:17:21.858 [main] INFO  org.testng.internal.Utils - [TestNG] Running:
  /Users/nikidhimmar/eclipse-workspace/OpencartV11/master.xml

10:17:30.814 [main] INFO  testCases.TC001_AcctRegTest - ***** Starting TC001_AcctRegTest *****
10:17:30.852 [main] INFO  testCases.TC001_AcctRegTest - Clicking on My Account....
10:17:31.542 [main] INFO  testCases.TC001_AcctRegTest - Clicking on Registration....
10:17:33.160 [main] INFO  testCases.TC001_AcctRegTest - Entering Customer details.............
10:17:36.045 [main] INFO  testCases.TC001_AcctRegTest - Verifying Expected result for account creation
10:17:36.120 [main] ERROR testCases.TC001_AcctRegTest - Test Failed..........
10:19:49.230 [main] INFO  org.testng.internal.Utils - [TestNG] Running:
  /Users/nikidhimmar/eclipse-workspace/OpencartV11/master.xml

10:19:58.528 [main] INFO  testCases.TC001_AcctRegTest - ***** Starting TC001_AcctRegTest *****
10:19:58.569 [main] INFO  testCases.TC001_AcctRegTest - Clicking on My Account....
10:19:59.227 [main] INFO  testCases.TC001_AcctRegTest - Clicking on Registration....
10:20:00.696 [main] INFO  testCases.TC001_AcctRegTest - Entering Customer details.............
10:20:06.818 [main] INFO  testCases.TC001_AcctRegTest - Verifying Expected result for account creation
10:20:06.890 [main] ERROR testCases.TC001_AcctRegTest - Test Failed..........
10:21:35.039 [main] INFO  org.testng.internal.Utils - [TestNG] Running:
  /Users/nikidhimmar/eclipse-workspace/OpencartV11/master.xml

10:21:43.837 [main] INFO  testCases.TC001_AcctRegTest - ***** Starting TC001_AcctRegTest *****
10:21:43.877 [main] INFO  testCases.TC001_AcctRegTest - Clicking on My Account....
10:21:44.589 [main] INFO  testCases.TC001_AcctRegTest - Clicking on Registration....
10:21:45.958 [main] INFO  testCases.TC001_AcctRegTest - Entering Customer details.............
10:21:48.833 [main] INFO  testCases.TC001_AcctRegTest - Verifying Expected result for account creation
10:21:48.883 [main] ERROR testCases.TC001_AcctRegTest - Test Failed..........
10:22:27.943 [main] INFO  org.testng.internal.Utils - [TestNG] Running:
  /Users/nikidhimmar/eclipse-workspace/OpencartV11/master.xml

10:22:37.016 [main] INFO  testCases.TC001_AcctRegTest - ***** Starting TC001_AcctRegTest *****
10:22:37.058 [main] INFO  testCases.TC001_AcctRegTest - Clicking on My Account....
10:22:37.703 [main] INFO  testCases.TC001_AcctRegTest - Clicking on Registration....
10:22:39.099 [main] INFO  testCases.TC001_AcctRegTest - Entering Customer details.............
10:22:41.822 [main] INFO  testCases.TC001_AcctRegTest - Verifying Expected result for account creation
10:22:41.873 [main] ERROR testCases.TC001_AcctRegTest - Test Failed..........
10:24:55.928 [main] INFO  org.testng.internal.Utils - [TestNG] Running:
  /Users/nikidhimmar/eclipse-workspace/OpencartV11/master.xml

10:25:05.574 [main] INFO  testCases.TC001_AcctRegTest - ***** Starting TC001_AcctRegTest *****
10:25:05.615 [main] INFO  testCases.TC001_AcctRegTest - Clicking on My Account....
10:25:06.251 [main] INFO  testCases.TC001_AcctRegTest - Clicking on Registration....
10:25:08.034 [main] INFO  testCases.TC001_AcctRegTest - Entering Customer details.............
10:25:10.230 [main] INFO  testCases.TC001_AcctRegTest - Verifying Expected result for account creation
10:25:10.280 [main] ERROR testCases.TC001_AcctRegTest - Test Failed..........
10:27:05.793 [main] INFO  org.testng.internal.Utils - [TestNG] Running:
  /Users/nikidhimmar/eclipse-workspace/OpencartV11/master.xml

10:27:14.769 [main] INFO  testCases.TC001_AcctRegTest - ***** Starting TC001_AcctRegTest *****
10:27:14.811 [main] INFO  testCases.TC001_AcctRegTest - Clicking on My Account....
10:27:15.506 [main] INFO  testCases.TC001_AcctRegTest - Clicking on Registration....
10:27:16.896 [main] INFO  testCases.TC001_AcctRegTest - Entering Customer details.............
10:27:19.798 [main] INFO  testCases.TC001_AcctRegTest - Verifying Expected result for account creation
10:27:19.852 [main] ERROR testCases.TC001_AcctRegTest - Test Failed..........
10:28:10.179 [main] INFO  org.testng.internal.Utils - [TestNG] Running:
  /Users/nikidhimmar/eclipse-workspace/OpencartV11/master.xml

10:28:19.121 [main] INFO  testCases.TC001_AcctRegTest - ***** Starting TC001_AcctRegTest *****
