18:14:34.842 [main] INFO  testCases.TC001_AcctRegTest - ***** Starting TC001_AcctRegTest *****
18:14:34.895 [main] INFO  testCases.TC001_AcctRegTest - Clicking on My Account....
18:14:35.553 [main] INFO  testCases.TC001_AcctRegTest - Clicking on Registration....
18:14:36.724 [main] INFO  testCases.TC001_AcctRegTest - Entering Customer details.............
18:14:39.513 [main] INFO  testCases.TC001_AcctRegTest - Verifying Expected result for account creation
18:14:39.564 [main] ERROR testCases.TC001_AcctRegTest - Test Failed..........
18:15:41.167 [main] INFO  testCases.TC002_LoginTest - ***** Starting TC002_LoginTest *****
18:15:41.168 [main] INFO  testCases.TC002_LoginTest - Clicking on My Account....
18:15:42.070 [main] INFO  testCases.TC002_LoginTest - Clicking on Login....
18:15:42.785 [main] INFO  testCases.TC002_LoginTest - Enter Login Details....
18:15:44.597 [main] INFO  testCases.TC002_LoginTest - Verify expected Login successful....
18:15:44.671 [main] INFO  testCases.TC002_LoginTest - ***** Finished TC002_LoginTest *****
18:17:25.567 [main] INFO  org.testng.internal.Utils - [TestNG] Running:
  /Users/nikidhimmar/eclipse-workspace/OpencartV11/master.xml

18:17:34.669 [main] INFO  testCases.TC001_AcctRegTest - ***** Starting TC001_AcctRegTest *****
18:17:34.711 [main] INFO  testCases.TC001_AcctRegTest - Clicking on My Account....
18:17:35.363 [main] INFO  testCases.TC001_AcctRegTest - Clicking on Registration....
18:17:37.248 [main] INFO  testCases.TC001_AcctRegTest - Entering Customer details.............
18:17:40.033 [main] INFO  testCases.TC001_AcctRegTest - Verifying Expected result for account creation
18:17:40.083 [main] ERROR testCases.TC001_AcctRegTest - Test Failed..........
18:20:29.624 [main] INFO  org.testng.internal.Utils - [TestNG] Running:
  /Users/nikidhimmar/eclipse-workspace/OpencartV11/master.xml

18:20:38.881 [main] INFO  testCases.TC001_AcctRegTest - ***** Starting TC001_AcctRegTest *****
18:20:38.933 [main] INFO  testCases.TC001_AcctRegTest - Clicking on My Account....
18:20:39.567 [main] INFO  testCases.TC001_AcctRegTest - Clicking on Registration....
18:20:41.265 [main] INFO  testCases.TC001_AcctRegTest - Entering Customer details.............
18:20:43.498 [main] INFO  testCases.TC001_AcctRegTest - Verifying Expected result for account creation
18:20:43.546 [main] ERROR testCases.TC001_AcctRegTest - Test Failed..........
18:22:15.388 [main] INFO  org.testng.internal.Utils - [TestNG] Running:
  /Users/nikidhimmar/eclipse-workspace/OpencartV11/Grouping.xml

18:22:24.438 [main] INFO  testCases.TC001_AcctRegTest - ***** Starting TC001_AcctRegTest *****
18:22:24.479 [main] INFO  testCases.TC001_AcctRegTest - Clicking on My Account....
18:22:25.177 [main] INFO  testCases.TC001_AcctRegTest - Clicking on Registration....
18:22:26.472 [main] INFO  testCases.TC001_AcctRegTest - Entering Customer details.............
18:22:28.515 [main] INFO  testCases.TC001_AcctRegTest - Verifying Expected result for account creation
18:22:28.566 [main] ERROR testCases.TC001_AcctRegTest - Test Failed..........
18:22:37.364 [main] INFO  testCases.TC002_LoginTest - ***** Starting TC002_LoginTest *****
18:22:37.365 [main] INFO  testCases.TC002_LoginTest - Clicking on My Account....
18:22:37.948 [main] INFO  testCases.TC002_LoginTest - Clicking on Login....
18:22:38.687 [main] INFO  testCases.TC002_LoginTest - Enter Login Details....
18:22:40.560 [main] INFO  testCases.TC002_LoginTest - Verify expected Login successful....
18:22:40.612 [main] INFO  testCases.TC002_LoginTest - ***** Finished TC002_LoginTest *****
18:27:58.304 [main] INFO  org.testng.internal.Utils - [TestNG] Running:
  /Users/nikidhimmar/eclipse-workspace/OpencartV11/Grouping.xml

18:28:07.586 [main] INFO  testCases.TC001_AcctRegTest - ***** Starting TC001_AcctRegTest *****
18:28:07.630 [main] INFO  testCases.TC001_AcctRegTest - Clicking on My Account....
18:28:08.223 [main] INFO  testCases.TC001_AcctRegTest - Clicking on Registration....
18:28:09.779 [main] INFO  testCases.TC001_AcctRegTest - Entering Customer details.............
18:28:11.968 [main] INFO  testCases.TC001_AcctRegTest - Verifying Expected result for account creation
18:28:12.015 [main] ERROR testCases.TC001_AcctRegTest - Test Failed..........
18:28:20.659 [main] INFO  testCases.TC002_LoginTest - ***** Starting TC002_LoginTest *****
18:28:20.660 [main] INFO  testCases.TC002_LoginTest - Clicking on My Account....
18:28:21.308 [main] INFO  testCases.TC002_LoginTest - Clicking on Login....
18:28:22.042 [main] INFO  testCases.TC002_LoginTest - Enter Login Details....
18:28:23.994 [main] INFO  testCases.TC002_LoginTest - Verify expected Login successful....
18:28:24.060 [main] INFO  testCases.TC002_LoginTest - ***** Finished TC002_LoginTest *****
18:33:15.959 [main] INFO  org.testng.internal.Utils - [TestNG] Running:
  /Users/nikidhimmar/eclipse-workspace/OpencartV11/master.xml

18:33:25.222 [main] INFO  testCases.TC001_AcctRegTest - ***** Starting TC001_AcctRegTest *****
18:33:25.267 [main] INFO  testCases.TC001_AcctRegTest - Clicking on My Account....
