22:22:57.885 [TestNG-tests-1] INFO  testCases.TC001_AcctRegTest - Clicking on Registration....
22:22:58.720 [TestNG-tests-1] INFO  testCases.TC001_AcctRegTest - Entering Customer details.............
22:23:00.241 [TestNG-tests-1] INFO  testCases.TC001_AcctRegTest - Verifying Expected result for account creation
22:23:00.284 [TestNG-tests-1] INFO  testCases.TC001_AcctRegTest - ***** Finished TC001_AcctRegTest ******
22:26:55.723 [main] INFO  org.testng.internal.Utils - [TestNG] Running:
  /Users/nikidhimmar/eclipse-workspace/OpencartV11/grid-docker.xml

22:28:27.751 [TestNG-tests-1] INFO  testCases.TC001_AcctRegTest - ***** Starting TC001_AcctRegTest *****
22:28:27.791 [TestNG-tests-1] INFO  testCases.TC001_AcctRegTest - Clicking on My Account....
22:28:27.834 [TestNG-tests-1] INFO  testCases.TC001_AcctRegTest - Clicking on Registration....
22:28:28.545 [TestNG-tests-1] INFO  testCases.TC001_AcctRegTest - Entering Customer details.............
22:28:30.176 [TestNG-tests-1] INFO  testCases.TC001_AcctRegTest - Verifying Expected result for account creation
22:28:30.214 [TestNG-tests-1] INFO  testCases.TC001_AcctRegTest - ***** Finished TC001_AcctRegTest ******
22:28:57.852 [TestNG-tests-2] INFO  testCases.TC002_LoginTest - ***** Starting TC002_LoginTest *****
22:28:57.856 [TestNG-tests-2] INFO  testCases.TC002_LoginTest - Clicking on My Account....
22:28:58.113 [TestNG-tests-2] INFO  testCases.TC002_LoginTest - Clicking on Login....
22:28:58.502 [TestNG-tests-2] INFO  testCases.TC002_LoginTest - Enter Login Details....
22:28:59.692 [TestNG-tests-2] INFO  testCases.TC002_LoginTest - Verify expected Login successful....
22:28:59.743 [TestNG-tests-2] INFO  testCases.TC002_LoginTest - ***** Finished TC002_LoginTest *****
15:57:45.440 [main] INFO  testCases.TC001_AcctRegTest - ***** Starting TC001_AcctRegTest *****
15:57:45.465 [main] INFO  testCases.TC001_AcctRegTest - Clicking on My Account....
15:57:45.482 [main] INFO  testCases.TC002_LoginTest - ***** Starting TC002_LoginTest *****
15:57:45.482 [main] INFO  testCases.TC002_LoginTest - Clicking on My Account....
16:10:12.768 [main] INFO  testCases.TC001_AcctRegTest - ***** Starting TC001_AcctRegTest *****
16:10:12.789 [main] INFO  testCases.TC001_AcctRegTest - Clicking on My Account....
16:10:12.804 [main] INFO  testCases.TC002_LoginTest - ***** Starting TC002_LoginTest *****
16:10:12.805 [main] INFO  testCases.TC002_LoginTest - Clicking on My Account....
16:12:14.455 [main] INFO  testCases.TC001_AcctRegTest - ***** Starting TC001_AcctRegTest *****
16:12:14.477 [main] INFO  testCases.TC001_AcctRegTest - Clicking on My Account....
16:12:14.492 [main] INFO  testCases.TC002_LoginTest - ***** Starting TC002_LoginTest *****
16:12:14.493 [main] INFO  testCases.TC002_LoginTest - Clicking on My Account....
16:15:55.450 [main] INFO  testCases.TC001_AcctRegTest - ***** Starting TC001_AcctRegTest *****
16:15:55.495 [main] INFO  testCases.TC001_AcctRegTest - Clicking on My Account....
16:15:56.412 [main] INFO  testCases.TC001_AcctRegTest - Clicking on Registration....
16:15:57.874 [main] INFO  testCases.TC001_AcctRegTest - Entering Customer details.............
16:16:00.843 [main] INFO  testCases.TC001_AcctRegTest - Verifying Expected result for account creation
16:16:00.896 [main] INFO  testCases.TC001_AcctRegTest - ***** Finished TC001_AcctRegTest ******
16:18:01.608 [main] INFO  testCases.TC001_AcctRegTest - ***** Starting TC001_AcctRegTest *****
16:18:01.658 [main] INFO  testCases.TC001_AcctRegTest - Clicking on My Account....
16:18:02.339 [main] INFO  testCases.TC001_AcctRegTest - Clicking on Registration....
16:18:03.806 [main] INFO  testCases.TC001_AcctRegTest - Entering Customer details.............
16:18:06.002 [main] INFO  testCases.TC001_AcctRegTest - Verifying Expected result for account creation
16:18:06.052 [main] INFO  testCases.TC001_AcctRegTest - ***** Finished TC001_AcctRegTest ******
17:07:00.582 [main] INFO  testCases.TC001_AcctRegTest - ***** Starting TC001_AcctRegTest *****
17:07:00.626 [main] INFO  testCases.TC001_AcctRegTest - Clicking on My Account....
17:07:01.200 [main] INFO  testCases.TC001_AcctRegTest - Clicking on Registration....
17:07:02.623 [main] INFO  testCases.TC001_AcctRegTest - Entering Customer details.............
17:07:05.004 [main] INFO  testCases.TC001_AcctRegTest - Verifying Expected result for account creation
17:07:05.049 [main] INFO  testCases.TC001_AcctRegTest - ***** Finished TC001_AcctRegTest ******
17:47:23.893 [main] INFO  testCases.TC001_AcctRegTest - ***** Starting TC001_AcctRegTest *****
17:47:23.938 [main] INFO  testCases.TC001_AcctRegTest - Clicking on My Account....
17:47:24.628 [main] INFO  testCases.TC001_AcctRegTest - Clicking on Registration....
17:47:25.975 [main] INFO  testCases.TC001_AcctRegTest - Entering Customer details.............
17:47:28.194 [main] INFO  testCases.TC001_AcctRegTest - Verifying Expected result for account creation
17:47:28.251 [main] INFO  testCases.TC001_AcctRegTest - ***** Finished TC001_AcctRegTest ******
