21:24:59.609 [main] INFO  testCases.TC001_AcctRegTest - ***** Finished TC001_AcctRegTest ******
21:27:04.173 [main] INFO  org.testng.internal.Utils - [TestNG] Running:
  /Users/nikidhimmar/eclipse-workspace/OpencartV11/Grouping.xml

21:27:13.086 [main] INFO  testCases.TC001_AcctRegTest - ***** Starting TC001_AcctRegTest *****
21:27:13.122 [main] INFO  testCases.TC001_AcctRegTest - Clicking on My Account....
21:27:13.591 [main] INFO  testCases.TC001_AcctRegTest - Clicking on Registration....
21:27:15.372 [main] INFO  testCases.TC001_AcctRegTest - Entering Customer details.............
21:27:19.111 [main] INFO  testCases.TC001_AcctRegTest - Verifying Expected result for account creation
21:27:20.873 [main] INFO  testCases.TC001_AcctRegTest - ***** Finished TC001_AcctRegTest ******
21:27:29.210 [main] INFO  testCases.TC002_LoginTest - ***** Starting TC002_LoginTest *****
21:27:29.211 [main] INFO  testCases.TC002_LoginTest - Clicking on My Account....
21:27:29.709 [main] INFO  testCases.TC002_LoginTest - Clicking on Login....
21:27:30.569 [main] INFO  testCases.TC002_LoginTest - Enter Login Details....
21:27:32.013 [main] INFO  testCases.TC002_LoginTest - Verify expected Login successful....
21:27:33.199 [main] INFO  testCases.TC002_LoginTest - ***** Finished TC002_LoginTest *****
21:29:00.499 [main] INFO  org.testng.internal.Utils - [TestNG] Running:
  /Users/nikidhimmar/eclipse-workspace/OpencartV11/master.xml

21:29:16.726 [main] INFO  testCases.TC001_AcctRegTest - ***** Starting TC001_AcctRegTest *****
21:29:16.769 [main] INFO  testCases.TC001_AcctRegTest - Clicking on My Account....
21:29:17.184 [main] INFO  testCases.TC001_AcctRegTest - Clicking on Registration....
21:29:19.278 [main] INFO  testCases.TC001_AcctRegTest - Entering Customer details.............
21:29:22.705 [main] INFO  testCases.TC001_AcctRegTest - Verifying Expected result for account creation
21:29:24.073 [main] INFO  testCases.TC001_AcctRegTest - ***** Finished TC001_AcctRegTest ******
21:32:53.310 [main] INFO  org.testng.internal.Utils - [TestNG] Running:
  /Users/nikidhimmar/eclipse-workspace/OpencartV11/grid-docker.xml

21:32:53.532 [TestNG-tests-1] INFO  testCases.TC001_AcctRegTest - ***** Starting TC001_AcctRegTest *****
21:32:53.561 [TestNG-tests-1] INFO  testCases.TC001_AcctRegTest - Clicking on My Account....
21:34:17.451 [main] INFO  org.testng.internal.Utils - [TestNG] Running:
  /Users/nikidhimmar/eclipse-workspace/OpencartV11/grid-docker.xml

21:35:57.772 [main] INFO  org.testng.internal.Utils - [TestNG] Running:
  /Users/nikidhimmar/eclipse-workspace/OpencartV11/grid-docker.xml

21:41:34.029 [main] INFO  org.testng.internal.Utils - [TestNG] Running:
  /Users/nikidhimmar/eclipse-workspace/OpencartV11/grid-docker.xml

21:46:12.251 [main] INFO  org.testng.internal.Utils - [TestNG] Running:
  /Users/nikidhimmar/eclipse-workspace/OpencartV11/master.xml

21:47:53.342 [main] INFO  org.testng.internal.Utils - [TestNG] Running:
  /Users/nikidhimmar/eclipse-workspace/OpencartV11/grid-docker.xml

21:49:51.983 [main] INFO  org.testng.internal.Utils - [TestNG] Running:
  /Users/nikidhimmar/eclipse-workspace/OpencartV11/grid-docker.xml

21:53:27.839 [main] INFO  org.testng.internal.Utils - [TestNG] Running:
  /Users/nikidhimmar/eclipse-workspace/OpencartV11/grid-docker.xml

21:54:16.221 [main] INFO  org.testng.internal.Utils - [TestNG] Running:
  /Users/nikidhimmar/eclipse-workspace/OpencartV11/master.xml

21:54:27.131 [main] INFO  testCases.TC001_AcctRegTest - ***** Starting TC001_AcctRegTest *****
21:54:27.176 [main] INFO  testCases.TC001_AcctRegTest - Clicking on My Account....
21:54:27.765 [main] INFO  testCases.TC001_AcctRegTest - Clicking on Registration....
21:54:29.239 [main] INFO  testCases.TC001_AcctRegTest - Entering Customer details.............
21:54:31.743 [main] INFO  testCases.TC001_AcctRegTest - Verifying Expected result for account creation
21:54:31.832 [main] INFO  testCases.TC001_AcctRegTest - ***** Finished TC001_AcctRegTest ******
22:17:50.832 [main] INFO  org.testng.internal.Utils - [TestNG] Running:
  /Users/nikidhimmar/eclipse-workspace/OpencartV11/grid-docker.xml

22:17:54.775 [TestNG-tests-2] INFO  testCases.TC001_AcctRegTest - ***** Starting TC001_AcctRegTest *****
22:17:54.775 [TestNG-tests-1] INFO  testCases.TC001_AcctRegTest - ***** Starting TC001_AcctRegTest *****
22:17:54.827 [TestNG-tests-2] INFO  testCases.TC001_AcctRegTest - Clicking on My Account....
22:17:54.828 [TestNG-tests-1] INFO  testCases.TC001_AcctRegTest - Clicking on My Account....
22:17:55.095 [TestNG-tests-2] INFO  testCases.TC001_AcctRegTest - Clicking on Registration....
22:17:55.298 [TestNG-tests-1] INFO  testCases.TC001_AcctRegTest - Clicking on Registration....
22:20:16.987 [main] INFO  org.testng.internal.Utils - [TestNG] Running:
  /Users/nikidhimmar/eclipse-workspace/OpencartV11/grid-docker.xml

22:22:57.792 [TestNG-tests-1] INFO  testCases.TC001_AcctRegTest - ***** Starting TC001_AcctRegTest *****
22:22:57.837 [TestNG-tests-1] INFO  testCases.TC001_AcctRegTest - Clicking on My Account....
